2022-03-08 11:06:33,014 [14] ERROR EPiServer.Find.Cms.ContentEventIndexer: An exception occurred while indexing (IContent). The remote name could not be resolved: 'your_uri'.
System.Net.WebException: The remote name could not be resolved: 'your_uri'
   at System.Net.HttpWebRequest.GetRequestStream(TransportContext& context)
   at System.Net.HttpWebRequest.GetRequestStream()
   at EPiServer.Find.Connection.JsonRequest.GetRequestStream(Int64 contentLength)
   at EPiServer.Find.Json.Serializer.SerializeObjectsToJsonRequest(JsonSerializer serializer, IJsonRequest jsonRequest, IEnumerable values)
   at EPiServer.Find.Api.BulkCommand.Execute(List`1& serializationFailures)
   at EPiServer.Find.Api.BulkCommand.Execute()
   at EPiServer.Find.Client.Index(IEnumerable objectsToIndex, Boolean deleteLanguageRoutingDuplicatesOnIndex)
   at EPiServer.Find.Cms.ContentIndexer.IndexWithRetry(IContent[] contents, Int32 maxRetries, Boolean deleteLanguageRoutingDuplicatesOnIndex)
   at EPiServer.Find.Cms.ContentIndexer.Index(IEnumerable`1 contents, IndexOptions options)
   at EPiServer.Find.Cms.ContentEventIndexer.Index(IEnumerable`1 contentLinks)
   at EPiServer.Find.Cms.ContentEventIndexer.<>c__DisplayClass25_0.<IndexPageQueue>b__1()
   at EPiServer.Find.Cms.ContentEventIndexer.Sync(IEnumerable`1 contentToIndex, HashSet`1 contentToIndexSet, Func`1 index)
   at EPiServer.Find.Cms.ContentEventIndexer.IndexPageQueue(IEnumerable`1 contentToIndex)
   at EPiServer.Find.Cms.ContentEventIndexer.IndexPageQueue()
System.Net.WebException: The remote name could not be resolved: 'your_uri'
   at System.Net.HttpWebRequest.GetRequestStream(TransportContext& context)
   at System.Net.HttpWebRequest.GetRequestStream()
   at EPiServer.Find.Connection.JsonRequest.GetRequestStream(Int64 contentLength)
   at EPiServer.Find.Json.Serializer.SerializeObjectsToJsonRequest(JsonSerializer serializer, IJsonRequest jsonRequest, IEnumerable values)
   at EPiServer.Find.Api.BulkCommand.Execute(List`1& serializationFailures)
   at EPiServer.Find.Api.BulkCommand.Execute()
   at EPiServer.Find.Client.Index(IEnumerable objectsToIndex, Boolean deleteLanguageRoutingDuplicatesOnIndex)
   at EPiServer.Find.Cms.ContentIndexer.IndexWithRetry(IContent[] contents, Int32 maxRetries, Boolean deleteLanguageRoutingDuplicatesOnIndex)
   at EPiServer.Find.Cms.ContentIndexer.Index(IEnumerable`1 contents, IndexOptions options)
   at EPiServer.Find.Cms.ContentEventIndexer.Index(IEnumerable`1 contentLinks)
   at EPiServer.Find.Cms.ContentEventIndexer.<>c__DisplayClass25_0.<IndexPageQueue>b__1()
   at EPiServer.Find.Cms.ContentEventIndexer.Sync(IEnumerable`1 contentToIndex, HashSet`1 contentToIndexSet, Func`1 index)
   at EPiServer.Find.Cms.ContentEventIndexer.IndexPageQueue(IEnumerable`1 contentToIndex)
   at EPiServer.Find.Cms.ContentEventIndexer.IndexPageQueue()
